#!/bin/bash
#SBATCH --job-name=jupyter
#SBATCH --partition=gpu-rtx6k
#SBATCH --account=ml4ml
#SBATCH --nodes=1
#SBATCH --cpus-per-task=18
#SBATCH --gres=gpu:6
#SBATCH --mem=300G
#SBATCH --time=48:00:00
#SBATCH --mail-type=ALL
#SBATCH --mail-user=sidlak@uw.edu

# I use source to initialize conda into the right environment.
source ~/.bashrc
conda activate /gscratch/ml4ml/sidlak/superfold/envs/pyroml

cat $0
echo "--------------------"

jupyter notebook --no-browser --ip 0.0.0.0 --port=8888
--------------------
[W 2023-05-24 17:57:26.490 LabApp] 'ip' has moved from NotebookApp to ServerApp. This config will be passed to ServerApp. Be sure to update your config before our next release.
[W 2023-05-24 17:57:26.490 LabApp] 'port' has moved from NotebookApp to ServerApp. This config will be passed to ServerApp. Be sure to update your config before our next release.
[W 2023-05-24 17:57:26.490 LabApp] 'port' has moved from NotebookApp to ServerApp. This config will be passed to ServerApp. Be sure to update your config before our next release.
[W 2023-05-24 17:57:26.490 LabApp] 'password' has moved from NotebookApp to ServerApp. This config will be passed to ServerApp. Be sure to update your config before our next release.
[W 2023-05-24 17:57:26.490 LabApp] 'password' has moved from NotebookApp to ServerApp. This config will be passed to ServerApp. Be sure to update your config before our next release.
[I 2023-05-24 17:57:26.496 LabApp] JupyterLab extension loaded from /gscratch/ml4ml/sidlak/superfold/envs/pyroml/lib/python3.8/site-packages/jupyterlab
[I 2023-05-24 17:57:26.496 LabApp] JupyterLab application directory is /mmfs1/gscratch/ml4ml/sidlak/superfold/envs/pyroml/share/jupyter/lab
/gscratch/ml4ml/sidlak/superfold/envs/pyroml/lib/python3.8/site-packages/jupyter_server_mathjax/app.py:40: FutureWarning: The alias `_()` will be deprecated. Use `_i18n()` instead.
  help=_("""The MathJax.js configuration file that is to be used."""),
[I 17:57:30.609 NotebookApp] Serving notebooks from local directory: /mmfs1/gscratch/ml4ml/sidlak/superfold/superfold/Deep-Molecules
[I 17:57:30.609 NotebookApp] Jupyter Notebook 6.4.5 is running at:
[I 17:57:30.609 NotebookApp] http://g3025:8888/
[I 17:57:30.609 NotebookApp] Use Control-C to stop this server and shut down all kernels (twice to skip confirmation).
[I 17:58:47.962 NotebookApp] Saving file at /AutoEncoder.ipynb
