#!/bin/bash
#SBATCH --job-name=jupyter
#SBATCH --partition=gpu-rtx6k
#SBATCH --account=ml4ml
#SBATCH --nodes=1
#SBATCH --cpus-per-task=18
#SBATCH --gres=gpu:6
#SBATCH --mem=300G
#SBATCH --time=50:00:00
#SBATCH --mail-type=ALL
#SBATCH --mail-user=sidlak@uw.edu

# I use source to initialize conda into the right environment.
source ~/.bashrc
conda activate /gscratch/ml4ml/sidlak/superfold/envs/pyroml

cat $0
echo "--------------------"

jupyter notebook --no-browser --ip 0.0.0.0 --port=8888
--------------------
[W 2022-10-04 00:29:19.018 LabApp] 'ip' has moved from NotebookApp to ServerApp. This config will be passed to ServerApp. Be sure to update your config before our next release.
[W 2022-10-04 00:29:19.018 LabApp] 'port' has moved from NotebookApp to ServerApp. This config will be passed to ServerApp. Be sure to update your config before our next release.
[W 2022-10-04 00:29:19.018 LabApp] 'port' has moved from NotebookApp to ServerApp. This config will be passed to ServerApp. Be sure to update your config before our next release.
[W 2022-10-04 00:29:19.018 LabApp] 'password' has moved from NotebookApp to ServerApp. This config will be passed to ServerApp. Be sure to update your config before our next release.
[W 2022-10-04 00:29:19.018 LabApp] 'password' has moved from NotebookApp to ServerApp. This config will be passed to ServerApp. Be sure to update your config before our next release.
[I 2022-10-04 00:29:19.024 LabApp] JupyterLab extension loaded from /gscratch/ml4ml/sidlak/superfold/envs/pyroml/lib/python3.8/site-packages/jupyterlab
[I 2022-10-04 00:29:19.024 LabApp] JupyterLab application directory is /mmfs1/gscratch/ml4ml/sidlak/superfold/envs/pyroml/share/jupyter/lab
/gscratch/ml4ml/sidlak/superfold/envs/pyroml/lib/python3.8/site-packages/jupyter_server_mathjax/app.py:40: FutureWarning: The alias `_()` will be deprecated. Use `_i18n()` instead.
  help=_("""The MathJax.js configuration file that is to be used."""),
[I 00:29:22.849 NotebookApp] Serving notebooks from local directory: /mmfs1/gscratch/ml4ml/sidlak/superfold/superfold/Deep-Molecules
[I 00:29:22.850 NotebookApp] Jupyter Notebook 6.4.5 is running at:
[I 00:29:22.850 NotebookApp] http://g3026:8888/
[I 00:29:22.850 NotebookApp] Use Control-C to stop this server and shut down all kernels (twice to skip confirmation).
[W 00:31:00.064 NotebookApp] Notebook AutoEncoder.ipynb is not trusted
[I 00:31:01.645 NotebookApp] Kernel started: ebf076cb-5d47-4bf3-a519-dc4edb2b1590, name: python3
[I 00:31:42.489 NotebookApp] Starting buffering for ebf076cb-5d47-4bf3-a519-dc4edb2b1590:9a67182276f64dec9e5049ef4dcca962
[I 00:31:42.598 NotebookApp] Kernel restarted: ebf076cb-5d47-4bf3-a519-dc4edb2b1590
[I 00:31:42.664 NotebookApp] Restoring connection for ebf076cb-5d47-4bf3-a519-dc4edb2b1590:9a67182276f64dec9e5049ef4dcca962
[I 00:31:44.203 NotebookApp] Replaying 3 buffered messages
[I 00:33:00.937 NotebookApp] Saving file at /AutoEncoder.ipynb
[I 00:35:00.886 NotebookApp] Saving file at /AutoEncoder.ipynb
[I 00:49:01.369 NotebookApp] Saving file at /AutoEncoder.ipynb
[I 01:03:01.445 NotebookApp] Saving file at /AutoEncoder.ipynb
[I 01:18:13.428 NotebookApp] Starting buffering for ebf076cb-5d47-4bf3-a519-dc4edb2b1590:9a67182276f64dec9e5049ef4dcca962
slurmstepd: error: *** JOB 6287756 ON g3026 CANCELLED AT 2022-10-06T02:28:49 DUE TO TIME LIMIT ***
